e:\learn\work\scservosdk-master\scservodemo_vs_2008_200724\scservodemo\debug\scservodemo.pch
e:\learn\work\scservosdk-master\scservodemo_vs_2008_200724\scservodemo\debug\vc143.pdb
e:\learn\work\scservosdk-master\scservodemo_vs_2008_200724\scservodemo\debug\vc143.idb
e:\learn\work\scservosdk-master\scservodemo_vs_2008_200724\scservodemo\debug\stdafx.obj
e:\learn\work\scservosdk-master\scservodemo_vs_2008_200724\scservodemo\debug\sccomm.obj
e:\learn\work\scservosdk-master\scservodemo_vs_2008_200724\scservodemo\debug\scs.obj
e:\learn\work\scservosdk-master\scservodemo_vs_2008_200724\scservodemo\debug\scscl.obj
e:\learn\work\scservosdk-master\scservodemo_vs_2008_200724\scservodemo\debug\scserial.obj
e:\learn\work\scservosdk-master\scservodemo_vs_2008_200724\scservodemo\debug\smsbl.obj
e:\learn\work\scservosdk-master\scservodemo_vs_2008_200724\scservodemo\debug\smscl.obj
e:\learn\work\scservosdk-master\scservodemo_vs_2008_200724\scservodemo\debug\writepos.obj
e:\learn\work\scservosdk-master\scservodemo_vs_2008_200724\scservodemo\debug\onemotor.obj
e:\learn\work\scservosdk-master\scservodemo_vs_2008_200724\scservodemo\debug\writespe.obj
e:\learn\work\scservosdk-master\scservodemo_vs_2008_200724\scservodemo\debug\motorcontrol.obj
e:\learn\work\scservosdk-master\scservodemo_vs_2008_200724\scservodemo\debug\speedtest.obj
e:\learn\work\scservosdk-master\scservodemo_vs_2008_200724\scservodemo\debug\twopos.obj
e:\learn\work\scservosdk-master\scservodemo_vs_2008_200724\scservodemo\debug\towmotor.obj
e:\learn\work\scservosdk-master\scservodemo_vs_2008_200724\scservodemo\debug\speedtest1.obj
e:\learn\work\scservosdk-master\scservodemo_vs_2008_200724\scservodemo\debug\syncpos.obj
e:\learn\work\scservosdk-master\scservodemo_vs_2008_200724\scservodemo\debug\scservodemo.exe
e:\learn\work\scservosdk-master\scservodemo_vs_2008_200724\scservodemo\debug\scservodemo.ilk
e:\learn\work\scservosdk-master\scservodemo_vs_2008_200724\scservodemo\debug\scservodemo.pdb
e:\learn\work\scservosdk-master\scservodemo_vs_2008_200724\scservodemoyuan\scservodemo\debug\motorcontrol.obj
e:\learn\work\scservosdk-master\scservodemo_vs_2008_200724\scservodemoyuan\scservodemo\debug\onemotor.obj
e:\learn\work\scservosdk-master\scservodemo_vs_2008_200724\scservodemoyuan\scservodemo\debug\sccomm.obj
e:\learn\work\scservosdk-master\scservodemo_vs_2008_200724\scservodemoyuan\scservodemo\debug\scs.obj
e:\learn\work\scservosdk-master\scservodemo_vs_2008_200724\scservodemoyuan\scservodemo\debug\scscl.obj
e:\learn\work\scservosdk-master\scservodemo_vs_2008_200724\scservodemoyuan\scservodemo\debug\scserial.obj
e:\learn\work\scservosdk-master\scservodemo_vs_2008_200724\scservodemoyuan\scservodemo\debug\smsbl.obj
e:\learn\work\scservosdk-master\scservodemo_vs_2008_200724\scservodemoyuan\scservodemo\debug\smscl.obj
e:\learn\work\scservosdk-master\scservodemo_vs_2008_200724\scservodemoyuan\scservodemo\debug\speedtest.obj
e:\learn\work\scservosdk-master\scservodemo_vs_2008_200724\scservodemoyuan\scservodemo\debug\speedtest1.obj
e:\learn\work\scservosdk-master\scservodemo_vs_2008_200724\scservodemoyuan\scservodemo\debug\stdafx.obj
e:\learn\work\scservosdk-master\scservodemo_vs_2008_200724\scservodemoyuan\scservodemo\debug\syncpos.obj
e:\learn\work\scservosdk-master\scservodemo_vs_2008_200724\scservodemoyuan\scservodemo\debug\towmotor.obj
e:\learn\work\scservosdk-master\scservodemo_vs_2008_200724\scservodemoyuan\scservodemo\debug\twopos.obj
e:\learn\work\scservosdk-master\scservodemo_vs_2008_200724\scservodemoyuan\scservodemo\debug\writepos.obj
e:\learn\work\scservosdk-master\scservodemo_vs_2008_200724\scservodemoyuan\scservodemo\debug\writespe.obj
e:\learn\work\scservosdk-master\scservodemo_vs_2008_200724\scservodemoyuan\scservodemo\debug\scservodemo.ilk
e:\learn\work\scservosdk-master\scservodemo_vs_2008_200724\scservodemoyuan\scservodemo\debug\scservodemo.pch
e:\learn\work\scservosdk-master\scservodemo_vs_2008_200724\scservodemoyuan\scservodemo\debug\vc143.idb
e:\learn\work\scservosdk-master\scservodemo_vs_2008_200724\scservodemoyuan\scservodemo\debug\scservodemo.pdb
e:\learn\work\scservosdk-master\scservodemo_vs_2008_200724\scservodemoyuan\scservodemo\debug\vc143.pdb
e:\learn\work\scservosdk-master\scservodemo_vs_2008_200724\scservodemoyuan\scservodemo\debug\scservodemo.exe
e:\learn\work\scservosdk-master\scservodemo_vs_2008_200724\scservodemoyuan\scservodemo\debug\scservodemo.tlog\cl.command.1.tlog
e:\learn\work\scservosdk-master\scservodemo_vs_2008_200724\scservodemoyuan\scservodemo\debug\scservodemo.tlog\cl.read.1.tlog
e:\learn\work\scservosdk-master\scservodemo_vs_2008_200724\scservodemoyuan\scservodemo\debug\scservodemo.tlog\cl.write.1.tlog
e:\learn\work\scservosdk-master\scservodemo_vs_2008_200724\scservodemoyuan\scservodemo\debug\scservodemo.tlog\link.command.1.tlog
e:\learn\work\scservosdk-master\scservodemo_vs_2008_200724\scservodemoyuan\scservodemo\debug\scservodemo.tlog\link.read.1.tlog
e:\learn\work\scservosdk-master\scservodemo_vs_2008_200724\scservodemoyuan\scservodemo\debug\scservodemo.tlog\link.write.1.tlog
